0 info it worked if it ends with ok
1 verbose cli [ 'C:\\Program Files\\nodejs\\node.exe',
1 verbose cli   'C:\\Program Files\\nodejs\\node_modules\\npm\\bin\\npm-cli.js',
1 verbose cli   'run',
1 verbose cli   'dev' ]
2 info using npm@3.10.8
3 info using node@v6.9.1
4 verbose run-script [ 'predev', 'dev', 'postdev' ]
5 info lifecycle placar-app@0.0.0~predev: placar-app@0.0.0
6 silly lifecycle placar-app@0.0.0~predev: no script for predev, continuing
7 info lifecycle placar-app@0.0.0~dev: placar-app@0.0.0
8 verbose lifecycle placar-app@0.0.0~dev: unsafe-perm in lifecycle true
9 verbose lifecycle placar-app@0.0.0~dev: PATH: C:\Program Files\nodejs\node_modules\npm\bin\node-gyp-bin;C:\Users\Glaucia\Downloads\Projetos\react-app\node_modules\.bin;C:\ProgramData\Oracle\Java\javapath;C:\Program Files (x86)\Intel\iCLS Client\;C:\Program Files\Intel\iCLS Client\;C:\WINDOWS\system32;C:\WINDOWS;C:\WINDOWS\System32\Wbem;C:\WINDOWS\System32\WindowsPowerShell\v1.0\;C:\Program Files (x86)\Intel\OpenCL SDK\2.0\bin\x86;C:\Program Files (x86)\Intel\OpenCL SDK\2.0\bin\x64;C:\Program Files\Intel\Intel(R) Management Engine Components\DAL;C:\Program Files\Intel\Intel(R) Management Engine Components\IPT;C:\Program Files (x86)\Intel\Intel(R) Management Engine Components\DAL;C:\Program Files (x86)\Intel\Intel(R) Management Engine Components\IPT;C:\Program Files (x86)\ChinaScribe;C:\Program Files (x86)\Microsoft ASP.NET\ASP.NET Web Pages\v1.0\;C:\Program Files (x86)\Android\android-sdk\tools;C:\Program Files (x86)\Android\android-sdk\platform-tools;C:\apache-ant-1.9.3\bin;C:\Program Files\Microsoft\Web Platform Installer\;C:\WINDOWS\system32;C:\WINDOWS;C:\WINDOWS\System32\Wbem;C:\WINDOWS\System32\WindowsPowerShell\v1.0\;c:\Program Files (x86)\Microsoft SQL Server\110\Tools\Binn\;c:\Program Files\Microsoft SQL Server\110\Tools\Binn\;c:\Program Files\Microsoft SQL Server\110\DTS\Binn\;c:\Program Files (x86)\Microsoft SQL Server\110\Tools\Binn\ManagementStudio\;c:\Program Files (x86)\Microsoft SQL Server\110\DTS\Binn\;C:\Program Files\Microsoft SQL Server\120\Tools\Binn\;C:\Program Files (x86)\Skype\Phone\;C:\Program Files\Microsoft SQL Server\130\Tools\Binn\;C:\Program Files (x86)\Heroku\bin;C:\Program Files (x86)\git\cmd;C:\Program Files (x86)\Git\cmd;C:\Program Files (x86)\Windows Kits\10\Windows Performance Toolkit\;C:\Program Files (x86)\Microsoft Emulator Manager\1.0\;C:\Program Files\dotnet\;C:\Program Files\Microsoft DNX\Dnvm\;C:\Program Files\nodejs\;C:\Program Files\MongoDB\Server\3.2\bin;C:\Program Files (x86)\Microsoft VS Code\bin;C:\Users\Glaucia\AppData\Roaming\npm
10 verbose lifecycle placar-app@0.0.0~dev: CWD: C:\Users\Glaucia\Downloads\Projetos\react-app
11 silly lifecycle placar-app@0.0.0~dev: Args: [ '/d /s /c',
11 silly lifecycle   'webpack-dev-server --inline --hot --history-api-fallback --content-base public' ]
12 silly lifecycle placar-app@0.0.0~dev: Returned: code: 3221225786  signal: null
13 info lifecycle placar-app@0.0.0~dev: Failed to exec dev script
14 verbose stack Error: placar-app@0.0.0 dev: `webpack-dev-server --inline --hot --history-api-fallback --content-base public`
14 verbose stack Exit status 3221225786
14 verbose stack     at EventEmitter.<anonymous> (C:\Program Files\nodejs\node_modules\npm\lib\utils\lifecycle.js:255:16)
14 verbose stack     at emitTwo (events.js:106:13)
14 verbose stack     at EventEmitter.emit (events.js:191:7)
14 verbose stack     at ChildProcess.<anonymous> (C:\Program Files\nodejs\node_modules\npm\lib\utils\spawn.js:40:14)
14 verbose stack     at emitTwo (events.js:106:13)
14 verbose stack     at ChildProcess.emit (events.js:191:7)
14 verbose stack     at maybeClose (internal/child_process.js:877:16)
14 verbose stack     at Process.ChildProcess._handle.onexit (internal/child_process.js:226:5)
15 verbose pkgid placar-app@0.0.0
16 verbose cwd C:\Users\Glaucia\Downloads\Projetos\react-app
17 error Windows_NT 6.3.9600
18 error argv "C:\\Program Files\\nodejs\\node.exe" "C:\\Program Files\\nodejs\\node_modules\\npm\\bin\\npm-cli.js" "run" "dev"
19 error node v6.9.1
20 error npm  v3.10.8
21 error code ELIFECYCLE
22 error placar-app@0.0.0 dev: `webpack-dev-server --inline --hot --history-api-fallback --content-base public`
22 error Exit status 3221225786
23 error Failed at the placar-app@0.0.0 dev script 'webpack-dev-server --inline --hot --history-api-fallback --content-base public'.
23 error Make sure you have the latest version of node.js and npm installed.
23 error If you do, this is most likely a problem with the placar-app package,
23 error not with npm itself.
23 error Tell the author that this fails on your system:
23 error     webpack-dev-server --inline --hot --history-api-fallback --content-base public
23 error You can get information on how to open an issue for this project with:
23 error     npm bugs placar-app
23 error Or if that isn't available, you can get their info via:
23 error     npm owner ls placar-app
23 error There is likely additional logging output above.
24 verbose exit [ 1, true ]
